<?xml version="1.0" encoding="UTF-8"?>
<!-- Generated by org.testng.reporters.JUnitReportReporter -->
<testsuite hostname="DESKTOP-EIUQFPA" failures="0" tests="4" name="tests.GooglePageTest" time="26.169" errors="0" timestamp="23 Apr 2019 22:16:20 GMT" skipped="0">
  <testcase classname="tests.GooglePageTest" name="dataProviderTest" time="6.638"/>
  <testcase classname="tests.GooglePageTest" name="dataProviderTest" time="6.006"/>
  <testcase classname="tests.GooglePageTest" name="dataProviderTest" time="6.499"/>
  <testcase classname="tests.GooglePageTest" name="dataProviderTest" time="7.026"/>
</testsuite> <!-- tests.GooglePageTest -->
