<?xml version="1.0" encoding="UTF-8"?>
<!-- Generated by org.testng.reporters.JUnitReportReporter -->
<testsuite hostname="DESKTOP-EIUQFPA" failures="0" tests="3" name="tests.TestWithDataProvider" time="0.024" errors="0" timestamp="24 kwi 2019 16:34:31 GMT" skipped="0">
  <testcase classname="tests.TestWithDataProvider" name="dataProviderTest" time="0.003"/>
  <testcase classname="tests.TestWithDataProvider" name="dataProviderTest" time="0.016"/>
  <testcase classname="tests.TestWithDataProvider" name="dataProviderTest" time="0.005"/>
</testsuite> <!-- tests.TestWithDataProvider -->
