<?xml version="1.0" encoding="UTF-8"?>
<!-- Generated by org.testng.reporters.JUnitReportReporter -->
<testsuite hostname="DESKTOP-EIUQFPA" failures="0" tests="1" name="tests.TestWithAutoIT" time="8.918" errors="0" timestamp="27 kwi 2019 16:32:10 GMT" skipped="0">
  <testcase classname="tests.TestWithAutoIT" name="uploadFileTest" time="8.918"/>
</testsuite> <!-- tests.TestWithAutoIT -->
