<?xml version="1.0" encoding="UTF-8"?>
<!-- Generated by org.testng.reporters.JUnitReportReporter -->
<testsuite hostname="DESKTOP-EIUQFPA" failures="0" tests="1" name="tests.GooglePageTest" time="8.511" errors="0" timestamp="26 Apr 2019 17:42:01 GMT" skipped="0">
  <testcase classname="tests.GooglePageTest" name="verifyAllElementsAvailableTest" time="8.511"/>
</testsuite> <!-- tests.GooglePageTest -->
