<?xml version="1.0" encoding="UTF-8"?>
<!-- Generated by org.testng.reporters.JUnitReportReporter -->
<testsuite hostname="DESKTOP-EIUQFPA" failures="0" tests="1" name="utils.ExcelUtils" time="1.055" errors="0" timestamp="23 kwi 2019 21:03:07 GMT" skipped="0">
  <testcase classname="utils.ExcelUtils" name="methodTest" time="1.055"/>
</testsuite> <!-- utils.ExcelUtils -->
