<?xml version="1.0" encoding="UTF-8"?>
<!-- Generated by org.testng.reporters.JUnitReportReporter -->
<testsuite hostname="DESKTOP-EIUQFPA" failures="0" tests="1" name="tests.NewTest" time="7.918" errors="0" timestamp="20 kwi 2019 18:10:32 GMT" skipped="0">
  <testcase classname="tests.NewTest" name="verifyAllElementsAvailable" time="7.918"/>
</testsuite> <!-- tests.NewTest -->
